#
# There is insufficient memory for the Java Runtime Environment to continue.
# Native memory allocation (mmap) failed to map 109051904 bytes for G1 virtual space
# Possible reasons:
#   The system is out of physical RAM or swap space
#   The process is running with CompressedOops enabled, and the Java Heap may be blocking the growth of the native heap
# Possible solutions:
#   Reduce memory load on the system
#   Increase physical memory or swap space
#   Check if swap backing store is full
#   Decrease Java heap size (-Xmx/-Xms)
#   Decrease number of Java threads
#   Decrease Java thread stack sizes (-Xss)
#   Set larger code cache with -XX:ReservedCodeCacheSize=
#   JVM is running with Unscaled Compressed Oops mode in which the Java heap is
#     placed in the first 4GB address space. The Java Heap base address is the
#     maximum limit for the native heap growth. Please use -XX:HeapBaseMinAddress
#     to set the Java Heap base and to place the Java Heap above 4GB virtual address.
# This output file may be truncated or incomplete.
#
#  Out of Memory Error (os_windows.cpp:3769), pid=15400, tid=15168
#
# JRE version: OpenJDK Runtime Environment (17.0.6) (build 17.0.6+0-b2043.56-10027231)
# Java VM: OpenJDK 64-Bit Server VM (17.0.6+0-b2043.56-10027231, mixed mode, tiered, compressed oops, compressed class ptrs, g1 gc, windows-amd64)
# No core dump will be written. Minidumps are not enabled by default on client versions of Windows
#

---------------  S U M M A R Y ------------

Command Line: --add-opens=java.base/java.util=ALL-UNNAMED --add-opens=java.base/java.lang=ALL-UNNAMED --add-opens=java.base/java.lang.invoke=ALL-UNNAMED --add-opens=java.prefs/java.util.prefs=ALL-UNNAMED --add-opens=java.base/java.nio.charset=ALL-UNNAMED --add-opens=java.base/java.net=ALL-UNNAMED --add-opens=java.base/java.util.concurrent.atomic=ALL-UNNAMED -Xmx2048m -Dfile.encoding=UTF-8 -Duser.country=US -Duser.language=en -Duser.variant org.gradle.launcher.daemon.bootstrap.GradleDaemon 8.0

Host: Intel(R) Core(TM) i5-6300U CPU @ 2.40GHz, 4 cores, 7G,  Windows 10 , 64 bit Build 18362 (10.0.18362.1350)
Time: Sat Sep 30 12:24:45 2023 E. Africa Standard Time elapsed time: 12.723912 seconds (0d 0h 0m 12s)

---------------  T H R E A D  ---------------

Current thread (0x000002618f3ee950):  VMThread "VM Thread" [stack: 0x0000007ce9500000,0x0000007ce9600000] [id=15168]

Stack: [0x0000007ce9500000,0x0000007ce9600000]
Native frames: (J=compiled Java code, j=interpreted, Vv=VM code, C=native code)
V  [jvm.dll+0x683c9a]
V  [jvm.dll+0x8427a4]
V  [jvm.dll+0x843f9e]
V  [jvm.dll+0x844603]
V  [jvm.dll+0x249b75]
V  [jvm.dll+0x680b69]
V  [jvm.dll+0x67505a]
V  [jvm.dll+0x309acb]
V  [jvm.dll+0x310f86]
V  [jvm.dll+0x3608ee]
V  [jvm.dll+0x360b1f]
V  [jvm.dll+0x2dfbf8]
V  [jvm.dll+0x2ddec4]
V  [jvm.dll+0x2dd4cc]
V  [jvm.dll+0x322261]
V  [jvm.dll+0x848ccb]
V  [jvm.dll+0x849a04]
V  [jvm.dll+0x849f1d]
V  [jvm.dll+0x84a2f4]
V  [jvm.dll+0x84a3c0]
V  [jvm.dll+0x7f274a]
V  [jvm.dll+0x682ad5]
C  [ucrtbase.dll+0x210b2]
C  [KERNEL32.DLL+0x17c24]
C  [ntdll.dll+0x6d721]

VM_Operation (0x0000007ceb6fdee0): G1TryInitiateConcMark, mode: safepoint, requested by thread 0x00000261917b7a90


---------------  P R O C E S S  ---------------

Threads class SMR info:
_java_thread_list=0x0000026192bd07f0, length=37, elements={
0x00000261f5db1e50, 0x000002618f415610, 0x000002618f416610, 0x0000026190022920,
0x00000261900233e0, 0x00000261900266e0, 0x0000026190026fa0, 0x000002619002b140,
0x0000026190031d80, 0x0000026190032ea0, 0x00000261901c8eb0, 0x00000261901cc7b0,
0x0000026191522700, 0x0000026190bc04c0, 0x0000026191a4fc80, 0x00000261904620d0,
0x00000261926fc3e0, 0x0000026190fab5c0, 0x0000026191372d50, 0x00000261917b8dd0,
0x00000261917b9c40, 0x00000261917b8430, 0x00000261917baab0, 0x00000261917b92a0,
0x00000261917b70f0, 0x00000261917b8900, 0x00000261917b9770, 0x00000261917ba5e0,
0x00000261917b75c0, 0x00000261917b7a90, 0x00000261917b7f60, 0x00000261910aa250,
0x00000261910a8a40, 0x00000261910a7230, 0x00000261910a5ef0, 0x00000261910ab0c0,
0x00000261910a6890
}

Java Threads: ( => current thread )
  0x00000261f5db1e50 JavaThread "main" [_thread_blocked, id=14408, stack(0x0000007ce8f00000,0x0000007ce9000000)]
  0x000002618f415610 JavaThread "Reference Handler" daemon [_thread_blocked, id=8324, stack(0x0000007ce9600000,0x0000007ce9700000)]
  0x000002618f416610 JavaThread "Finalizer" daemon [_thread_blocked, id=17672, stack(0x0000007ce9700000,0x0000007ce9800000)]
  0x0000026190022920 JavaThread "Signal Dispatcher" daemon [_thread_blocked, id=16516, stack(0x0000007ce9800000,0x0000007ce9900000)]
  0x00000261900233e0 JavaThread "Attach Listener" daemon [_thread_blocked, id=7064, stack(0x0000007ce9900000,0x0000007ce9a00000)]
  0x00000261900266e0 JavaThread "Service Thread" daemon [_thread_blocked, id=5112, stack(0x0000007ce9a00000,0x0000007ce9b00000)]
  0x0000026190026fa0 JavaThread "Monitor Deflation Thread" daemon [_thread_blocked, id=16856, stack(0x0000007ce9b00000,0x0000007ce9c00000)]
  0x000002619002b140 JavaThread "C2 CompilerThread0" daemon [_thread_in_native, id=14620, stack(0x0000007ce9c00000,0x0000007ce9d00000)]
  0x0000026190031d80 JavaThread "C1 CompilerThread0" daemon [_thread_blocked, id=14644, stack(0x0000007ce9d00000,0x0000007ce9e00000)]
  0x0000026190032ea0 JavaThread "Sweeper thread" daemon [_thread_blocked, id=3060, stack(0x0000007ce9e00000,0x0000007ce9f00000)]
  0x00000261901c8eb0 JavaThread "Common-Cleaner" daemon [_thread_blocked, id=11008, stack(0x0000007ce9f00000,0x0000007cea000000)]
  0x00000261901cc7b0 JavaThread "Notification Thread" daemon [_thread_blocked, id=7488, stack(0x0000007cea000000,0x0000007cea100000)]
  0x0000026191522700 JavaThread "Daemon health stats" [_thread_blocked, id=7224, stack(0x0000007cea500000,0x0000007cea600000)]
  0x0000026190bc04c0 JavaThread "Incoming local TCP Connector on port 10488" [_thread_in_native, id=12496, stack(0x0000007cea600000,0x0000007cea700000)]
  0x0000026191a4fc80 JavaThread "Daemon periodic checks" [_thread_blocked, id=14836, stack(0x0000007cea700000,0x0000007cea800000)]
  0x00000261904620d0 JavaThread "Daemon" [_thread_blocked, id=9208, stack(0x0000007cea800000,0x0000007cea900000)]
  0x00000261926fc3e0 JavaThread "Handler for socket connection from /127.0.0.1:10488 to /127.0.0.1:10489" [_thread_in_native, id=8292, stack(0x0000007cea900000,0x0000007ceaa00000)]
  0x0000026190fab5c0 JavaThread "Cancel handler" [_thread_blocked, id=10328, stack(0x0000007ceaa00000,0x0000007ceab00000)]
  0x0000026191372d50 JavaThread "Daemon worker" [_thread_blocked, id=2452, stack(0x0000007ceab00000,0x0000007ceac00000)]
  0x00000261917b8dd0 JavaThread "Asynchronous log dispatcher for DefaultDaemonConnection: socket connection from /127.0.0.1:10488 to /127.0.0.1:10489" [_thread_blocked, id=15528, stack(0x0000007ceac00000,0x0000007cead00000)]
  0x00000261917b9c40 JavaThread "Stdin handler" [_thread_blocked, id=3328, stack(0x0000007cead00000,0x0000007ceae00000)]
  0x00000261917b8430 JavaThread "Daemon client event forwarder" [_thread_blocked, id=4028, stack(0x0000007ceae00000,0x0000007ceaf00000)]
  0x00000261917baab0 JavaThread "Cache worker for journal cache (C:\Users\HP\.gradle\caches\journal-1)" [_thread_blocked, id=8740, stack(0x0000007ceaf00000,0x0000007ceb000000)]
  0x00000261917b92a0 JavaThread "File lock request listener" [_thread_in_native, id=17156, stack(0x0000007ceb000000,0x0000007ceb100000)]
  0x00000261917b70f0 JavaThread "Cache worker for file hash cache (C:\Users\HP\.gradle\caches\8.0\fileHashes)" [_thread_blocked, id=13772, stack(0x0000007ceb100000,0x0000007ceb200000)]
  0x00000261917b8900 JavaThread "File watcher server" daemon [_thread_in_native, id=13728, stack(0x0000007ceb200000,0x0000007ceb300000)]
  0x00000261917b9770 JavaThread "File watcher consumer" daemon [_thread_blocked, id=17724, stack(0x0000007ceb300000,0x0000007ceb400000)]
  0x00000261917ba5e0 JavaThread "jar transforms" [_thread_blocked, id=5904, stack(0x0000007ceb400000,0x0000007ceb500000)]
  0x00000261917b75c0 JavaThread "jar transforms Thread 2" [_thread_blocked, id=17860, stack(0x0000007ceb500000,0x0000007ceb600000)]
  0x00000261917b7a90 JavaThread "jar transforms Thread 3" [_thread_blocked, id=4276, stack(0x0000007ceb600000,0x0000007ceb700000)]
  0x00000261917b7f60 JavaThread "jar transforms Thread 4" [_thread_blocked, id=11240, stack(0x0000007ceb700000,0x0000007ceb800000)]
  0x00000261910aa250 JavaThread "Cache worker for checksums cache (C:\Users\HP\AndroidStudioProjects\Restaurantsapp\.gradle\8.0\checksums)" [_thread_blocked, id=1548, stack(0x0000007ceb900000,0x0000007ceba00000)]
  0x00000261910a8a40 JavaThread "Cache worker for cache directory md-rule (C:\Users\HP\.gradle\caches\8.0\md-rule)" [_thread_blocked, id=13384, stack(0x0000007ceba00000,0x0000007cebb00000)]
  0x00000261910a7230 JavaThread "Cache worker for file content cache (C:\Users\HP\.gradle\caches\8.0\fileContent)" [_thread_blocked, id=18172, stack(0x0000007cebb00000,0x0000007cebc00000)]
  0x00000261910a5ef0 JavaThread "Cache worker for file hash cache (C:\Users\HP\AndroidStudioProjects\Restaurantsapp\.gradle\8.0\fileHashes)" [_thread_blocked, id=2304, stack(0x0000007cebc00000,0x0000007cebd00000)]
  0x00000261910ab0c0 JavaThread "Cache worker for cache directory md-supplier (C:\Users\HP\.gradle\caches\8.0\md-supplier)" [_thread_blocked, id=9404, stack(0x0000007cebd00000,0x0000007cebe00000)]
  0x00000261910a6890 JavaThread "Cache worker for execution history cache (C:\Users\HP\.gradle\caches\8.0\executionHistory)" [_thread_blocked, id=1964, stack(0x0000007cebe00000,0x0000007cebf00000)]

Other Threads:
=>0x000002618f3ee950 VMThread "VM Thread" [stack: 0x0000007ce9500000,0x0000007ce9600000] [id=15168]
  0x00000261901cdc90 WatcherThread [stack: 0x0000007cea100000,0x0000007cea200000] [id=3300]
  0x00000261f5e0c320 GCTaskThread "GC Thread#0" [stack: 0x0000007ce9000000,0x0000007ce9100000] [id=16692]
  0x00000261903229d0 GCTaskThread "GC Thread#1" [stack: 0x0000007cea200000,0x0000007cea300000] [id=16208]
  0x0000026190321700 GCTaskThread "GC Thread#2" [stack: 0x0000007cea300000,0x0000007cea400000] [id=13568]
  0x00000261903211a0 GCTaskThread "GC Thread#3" [stack: 0x0000007cea400000,0x0000007cea500000] [id=10088]
  0x00000261f5e1d170 ConcurrentGCThread "G1 Main Marker" [stack: 0x0000007ce9100000,0x0000007ce9200000] [id=15820]
  0x00000261f5e1e230 ConcurrentGCThread "G1 Conc#0" [stack: 0x0000007ce9200000,0x0000007ce9300000] [id=15304]
  0x00000261f5e6e180 ConcurrentGCThread "G1 Refine#0" [stack: 0x0000007ce9300000,0x0000007ce9400000] [id=10612]
  0x00000261f5e6eab0 ConcurrentGCThread "G1 Service" [stack: 0x0000007ce9400000,0x0000007ce9500000] [id=15124]

Threads with active compile tasks:
C2 CompilerThread0    12784 5317       4       org.objectweb.asm.SymbolTable::addConstantMemberReference (147 bytes)

VM state: at safepoint (normal execution)

VM Mutex/Monitor currently owned by a thread:  ([mutex/lock_event])
[0x00000261f5dacef0] Threads_lock - owner thread: 0x000002618f3ee950
[0x00000261f5dad910] Heap_lock - owner thread: 0x00000261917b7a90

Heap address: 0x0000000080000000, size: 2048 MB, Compressed Oops mode: 32-bit

CDS archive(s) not mapped
Compressed class space mapped at: 0x0000000100000000-0x0000000140000000, reserved size: 1073741824
Narrow klass base: 0x0000000000000000, Narrow klass shift: 3, Narrow klass range: 0x140000000

GC Precious Log:
 CPUs: 4 total, 4 available
 Memory: 8072M
 Large Page Support: Disabled
 NUMA Support: Disabled
 Compressed Oops: Enabled (32-bit)
 Heap Region Size: 1M
 Heap Min Capacity: 8M
 Heap Initial Capacity: 128M
 Heap Max Capacity: 2G
 Pre-touch: Disabled
 Parallel Workers: 4
 Concurrent Workers: 1
 Concurrent Refinement Workers: 4
 Periodic GC: Disabled

Heap:
 garbage-first heap   total 131072K, used 64637K [0x0000000080000000, 0x0000000100000000)
  region size 1024K, 1 young (1024K), 1 survivors (1024K)
 Metaspace       used 52305K, committed 52672K, reserved 1097728K
  class space    used 6930K, committed 7104K, reserved 1048576K

Heap Regions: E=young(eden), S=young(survivor), O=old, HS=humongous(starts), HC=humongous(continues), CS=collection set, F=free, OA=open archive, CA=closed archive, TAMS=top-at-mark-start (previous, next)
|   0|0x0000000080000000, 0x0000000080100000, 0x0000000080100000|100%| O|  |TAMS 0x0000000080100000, 0x0000000080100000| Untracked 
|   1|0x0000000080100000, 0x0000000080200000, 0x0000000080200000|100%| O|  |TAMS 0x0000000080200000, 0x0000000080200000| Untracked 
|   2|0x0000000080200000, 0x0000000080300000, 0x0000000080300000|100%|HS|  |TAMS 0x0000000080300000, 0x0000000080300000| Complete 
|   3|0x0000000080300000, 0x0000000080400000, 0x0000000080400000|100%|HC|  |TAMS 0x0000000080400000, 0x0000000080400000| Complete 
|   4|0x0000000080400000, 0x0000000080500000, 0x0000000080500000|100%|HC|  |TAMS 0x0000000080500000, 0x0000000080500000| Complete 
|   5|0x0000000080500000, 0x0000000080600000, 0x0000000080600000|100%|HC|  |TAMS 0x0000000080600000, 0x0000000080600000| Complete 
|   6|0x0000000080600000, 0x0000000080700000, 0x0000000080700000|100%| O|  |TAMS 0x0000000080700000, 0x0000000080700000| Untracked 
|   7|0x0000000080700000, 0x0000000080800000, 0x0000000080800000|100%| O|  |TAMS 0x0000000080800000, 0x0000000080800000| Untracked 
|   8|0x0000000080800000, 0x0000000080900000, 0x0000000080900000|100%| O|  |TAMS 0x0000000080900000, 0x0000000080900000| Untracked 
|   9|0x0000000080900000, 0x0000000080a00000, 0x0000000080a00000|100%| O|  |TAMS 0x0000000080a00000, 0x0000000080a00000| Untracked 
|  10|0x0000000080a00000, 0x0000000080b00000, 0x0000000080b00000|100%| O|  |TAMS 0x0000000080b00000, 0x0000000080b00000| Untracked 
|  11|0x0000000080b00000, 0x0000000080b00000, 0x0000000080c00000|  0%| F|  |TAMS 0x0000000080b00000, 0x0000000080b00000| Untracked 
|  12|0x0000000080c00000, 0x0000000080d00000, 0x0000000080d00000|100%| O|  |TAMS 0x0000000080d00000, 0x0000000080d00000| Untracked 
|  13|0x0000000080d00000, 0x0000000080e00000, 0x0000000080e00000|100%| O|  |TAMS 0x0000000080e00000, 0x0000000080e00000| Untracked 
|  14|0x0000000080e00000, 0x0000000080f00000, 0x0000000080f00000|100%| O|  |TAMS 0x0000000080f00000, 0x0000000080f00000| Untracked 
|  15|0x0000000080f00000, 0x0000000081000000, 0x0000000081000000|100%| O|  |TAMS 0x0000000081000000, 0x0000000081000000| Untracked 
|  16|0x0000000081000000, 0x0000000081100000, 0x0000000081100000|100%| O|  |TAMS 0x0000000081100000, 0x0000000081100000| Untracked 
|  17|0x0000000081100000, 0x0000000081200000, 0x0000000081200000|100%| O|  |TAMS 0x0000000081200000, 0x0000000081200000| Untracked 
|  18|0x0000000081200000, 0x0000000081300000, 0x0000000081300000|100%| O|  |TAMS 0x0000000081300000, 0x0000000081300000| Untracked 
|  19|0x0000000081300000, 0x0000000081400000, 0x0000000081400000|100%|HS|  |TAMS 0x0000000081400000, 0x0000000081400000| Complete 
|  20|0x0000000081400000, 0x0000000081500000, 0x0000000081500000|100%|HC|  |TAMS 0x0000000081500000, 0x0000000081500000| Complete 
|  21|0x0000000081500000, 0x0000000081600000, 0x0000000081600000|100%|HS|  |TAMS 0x0000000081600000, 0x0000000081600000| Complete 
|  22|0x0000000081600000, 0x0000000081700000, 0x0000000081700000|100%|HC|  |TAMS 0x0000000081700000, 0x0000000081700000| Complete 
|  23|0x0000000081700000, 0x0000000081800000, 0x0000000081800000|100%|HC|  |TAMS 0x0000000081800000, 0x0000000081800000| Complete 
|  24|0x0000000081800000, 0x0000000081900000, 0x0000000081900000|100%| O|  |TAMS 0x0000000081900000, 0x0000000081900000| Untracked 
|  25|0x0000000081900000, 0x0000000081a00000, 0x0000000081a00000|100%| O|  |TAMS 0x0000000081a00000, 0x0000000081a00000| Untracked 
|  26|0x0000000081a00000, 0x0000000081b00000, 0x0000000081b00000|100%| O|  |TAMS 0x0000000081b00000, 0x0000000081b00000| Untracked 
|  27|0x0000000081b00000, 0x0000000081c00000, 0x0000000081c00000|100%|HS|  |TAMS 0x0000000081c00000, 0x0000000081c00000| Complete 
|  28|0x0000000081c00000, 0x0000000081d00000, 0x0000000081d00000|100%|HC|  |TAMS 0x0000000081d00000, 0x0000000081d00000| Complete 
|  29|0x0000000081d00000, 0x0000000081e00000, 0x0000000081e00000|100%|HC|  |TAMS 0x0000000081e00000, 0x0000000081e00000| Complete 
|  30|0x0000000081e00000, 0x0000000081f00000, 0x0000000081f00000|100%| O|  |TAMS 0x0000000081f00000, 0x0000000081f00000| Untracked 
|  31|0x0000000081f00000, 0x0000000082000000, 0x0000000082000000|100%| O|  |TAMS 0x0000000082000000, 0x0000000082000000| Untracked 
|  32|0x0000000082000000, 0x0000000082100000, 0x0000000082100000|100%| O|  |TAMS 0x0000000082100000, 0x0000000082100000| Untracked 
|  33|0x0000000082100000, 0x0000000082200000, 0x0000000082200000|100%|HS|  |TAMS 0x0000000082200000, 0x0000000082200000| Complete 
|  34|0x0000000082200000, 0x0000000082300000, 0x0000000082300000|100%|HC|  |TAMS 0x0000000082300000, 0x0000000082300000| Complete 
|  35|0x0000000082300000, 0x0000000082400000, 0x0000000082400000|100%| O|  |TAMS 0x0000000082400000, 0x0000000082400000| Untracked 
|  36|0x0000000082400000, 0x0000000082500000, 0x0000000082500000|100%| O|  |TAMS 0x0000000082500000, 0x0000000082500000| Untracked 
|  37|0x0000000082500000, 0x0000000082600000, 0x0000000082600000|100%| O|  |TAMS 0x0000000082600000, 0x0000000082600000| Untracked 
|  38|0x0000000082600000, 0x0000000082700000, 0x0000000082700000|100%| O|  |TAMS 0x0000000082700000, 0x0000000082700000| Untracked 
|  39|0x0000000082700000, 0x0000000082800000, 0x0000000082800000|100%| O|  |TAMS 0x0000000082800000, 0x0000000082800000| Untracked 
|  40|0x0000000082800000, 0x0000000082900000, 0x0000000082900000|100%|HS|  |TAMS 0x0000000082800000, 0x0000000082900000| Complete 
|  41|0x0000000082900000, 0x0000000082a00000, 0x0000000082a00000|100%|HC|  |TAMS 0x0000000082900000, 0x0000000082a00000| Complete 
|  42|0x0000000082a00000, 0x0000000082b00000, 0x0000000082b00000|100%|HC|  |TAMS 0x0000000082a00000, 0x0000000082b00000| Complete 
|  43|0x0000000082b00000, 0x0000000082c00000, 0x0000000082c00000|100%| O|  |TAMS 0x0000000082c00000, 0x0000000082c00000| Untracked 
|  44|0x0000000082c00000, 0x0000000082d00000, 0x0000000082d00000|100%| O|  |TAMS 0x0000000082d00000, 0x0000000082d00000| Untracked 
|  45|0x0000000082d00000, 0x0000000082e00000, 0x0000000082e00000|100%| O|  |TAMS 0x0000000082e00000, 0x0000000082e00000| Untracked 
|  46|0x0000000082e00000, 0x0000000082f00000, 0x0000000082f00000|100%|HS|  |TAMS 0x0000000082f00000, 0x0000000082f00000| Complete 
|  47|0x0000000082f00000, 0x0000000083000000, 0x0000000083000000|100%|HC|  |TAMS 0x0000000083000000, 0x0000000083000000| Complete 
|  48|0x0000000083000000, 0x0000000083100000, 0x0000000083100000|100%|HC|  |TAMS 0x0000000083100000, 0x0000000083100000| Complete 
|  49|0x0000000083100000, 0x0000000083200000, 0x0000000083200000|100%|HC|  |TAMS 0x0000000083200000, 0x0000000083200000| Complete 
|  50|0x0000000083200000, 0x0000000083300000, 0x0000000083300000|100%|HC|  |TAMS 0x0000000083300000, 0x0000000083300000| Complete 
|  51|0x0000000083300000, 0x0000000083400000, 0x0000000083400000|100%|HC|  |TAMS 0x0000000083400000, 0x0000000083400000| Complete 
|  52|0x0000000083400000, 0x0000000083500000, 0x0000000083500000|100%|HC|  |TAMS 0x0000000083500000, 0x0000000083500000| Complete 
|  53|0x0000000083500000, 0x0000000083600000, 0x0000000083600000|100%|HC|  |TAMS 0x0000000083600000, 0x0000000083600000| Complete 
|  54|0x0000000083600000, 0x0000000083700000, 0x0000000083700000|100%|HC|  |TAMS 0x0000000083700000, 0x0000000083700000| Complete 
|  55|0x0000000083700000, 0x0000000083800000, 0x0000000083800000|100%|HC|  |TAMS 0x0000000083800000, 0x0000000083800000| Complete 
|  56|0x0000000083800000, 0x0000000083900000, 0x0000000083900000|100%|HC|  |TAMS 0x0000000083900000, 0x0000000083900000| Complete 
|  57|0x0000000083900000, 0x0000000083a00000, 0x0000000083a00000|100%|HC|  |TAMS 0x0000000083a00000, 0x0000000083a00000| Complete 
|  58|0x0000000083a00000, 0x0000000083b00000, 0x0000000083b00000|100%| O|  |TAMS 0x0000000083b00000, 0x0000000083b00000| Untracked 
|  59|0x0000000083b00000, 0x0000000083c00000, 0x0000000083c00000|100%| O|  |TAMS 0x0000000083c00000, 0x0000000083c00000| Untracked 
|  60|0x0000000083c00000, 0x0000000083d00000, 0x0000000083d00000|100%| O|  |TAMS 0x0000000083d00000, 0x0000000083d00000| Untracked 
|  61|0x0000000083d00000, 0x0000000083e00000, 0x0000000083e00000|100%| O|  |TAMS 0x0000000083d08c00, 0x0000000083e00000| Untracked 
|  62|0x0000000083e00000, 0x0000000083f00000, 0x0000000083f00000|100%| O|  |TAMS 0x0000000083e00000, 0x0000000083f00000| Untracked 
|  63|0x0000000083f00000, 0x0000000083fe7a00, 0x0000000084000000| 90%| O|  |TAMS 0x0000000083f00000, 0x0000000083fe7a00| Untracked 
|  64|0x0000000084000000, 0x0000000084000000, 0x0000000084100000|  0%| F|  |TAMS 0x0000000084000000, 0x0000000084000000| Untracked 
|  65|0x0000000084100000, 0x0000000084100000, 0x0000000084200000|  0%| F|  |TAMS 0x0000000084100000, 0x0000000084100000| Untracked 
|  66|0x0000000084200000, 0x0000000084200000, 0x0000000084300000|  0%| F|  |TAMS 0x0000000084200000, 0x0000000084200000| Untracked 
|  67|0x0000000084300000, 0x0000000084300000, 0x0000000084400000|  0%| F|  |TAMS 0x0000000084300000, 0x0000000084300000| Untracked 
|  68|0x0000000084400000, 0x0000000084400000, 0x0000000084500000|  0%| F|  |TAMS 0x0000000084400000, 0x0000000084400000| Untracked 
|  69|0x0000000084500000, 0x0000000084500000, 0x0000000084600000|  0%| F|  |TAMS 0x0000000084500000, 0x0000000084500000| Untracked 
|  70|0x0000000084600000, 0x0000000084600000, 0x0000000084700000|  0%| F|  |TAMS 0x0000000084600000, 0x0000000084600000| Untracked 
|  71|0x0000000084700000, 0x0000000084700000, 0x0000000084800000|  0%| F|  |TAMS 0x0000000084700000, 0x0000000084700000| Untracked 
|  72|0x0000000084800000, 0x0000000084800000, 0x0000000084900000|  0%| F|  |TAMS 0x0000000084800000, 0x0000000084800000| Untracked 
|  73|0x0000000084900000, 0x0000000084900000, 0x0000000084a00000|  0%| F|  |TAMS 0x0000000084900000, 0x0000000084900000| Untracked 
|  74|0x0000000084a00000, 0x0000000084a00000, 0x0000000084b00000|  0%| F|  |TAMS 0x0000000084a00000, 0x0000000084a00000| Untracked 
|  75|0x0000000084b00000, 0x0000000084b00000, 0x0000000084c00000|  0%| F|  |TAMS 0x0000000084b00000, 0x0000000084b00000| Untracked 
|  76|0x0000000084c00000, 0x0000000084c00000, 0x0000000084d00000|  0%| F|  |TAMS 0x0000000084c00000, 0x0000000084c00000| Untracked 
|  77|0x0000000084d00000, 0x0000000084d00000, 0x0000000084e00000|  0%| F|  |TAMS 0x0000000084d00000, 0x0000000084d00000| Untracked 
|  78|0x0000000084e00000, 0x0000000084e00000, 0x0000000084f00000|  0%| F|  |TAMS 0x0000000084e00000, 0x0000000084e00000| Untracked 
|  79|0x0000000084f00000, 0x0000000084f00000, 0x0000000085000000|  0%| F|  |TAMS 0x0000000084f00000, 0x0000000084f00000| Untracked 
|  80|0x0000000085000000, 0x0000000085000000, 0x0000000085100000|  0%| F|  |TAMS 0x0000000085000000, 0x0000000085000000| Untracked 
|  81|0x0000000085100000, 0x0000000085100000, 0x0000000085200000|  0%| F|  |TAMS 0x0000000085100000, 0x0000000085100000| Untracked 
|  82|0x0000000085200000, 0x0000000085200000, 0x0000000085300000|  0%| F|  |TAMS 0x0000000085200000, 0x0000000085200000| Untracked 
|  83|0x0000000085300000, 0x0000000085300000, 0x0000000085400000|  0%| F|  |TAMS 0x0000000085300000, 0x0000000085300000| Untracked 
|  84|0x0000000085400000, 0x0000000085400000, 0x0000000085500000|  0%| F|  |TAMS 0x0000000085400000, 0x0000000085400000| Untracked 
|  85|0x0000000085500000, 0x0000000085500000, 0x0000000085600000|  0%| F|  |TAMS 0x0000000085500000, 0x0000000085500000| Untracked 
|  86|0x0000000085600000, 0x0000000085600000, 0x0000000085700000|  0%| F|  |TAMS 0x0000000085600000, 0x0000000085600000| Untracked 
|  87|0x0000000085700000, 0x0000000085700000, 0x0000000085800000|  0%| F|  |TAMS 0x0000000085700000, 0x0000000085700000| Untracked 
|  88|0x0000000085800000, 0x0000000085800000, 0x0000000085900000|  0%| F|  |TAMS 0x0000000085800000, 0x0000000085800000| Untracked 
|  89|0x0000000085900000, 0x0000000085900000, 0x0000000085a00000|  0%| F|  |TAMS 0x0000000085900000, 0x0000000085900000| Untracked 
|  90|0x0000000085a00000, 0x0000000085a00000, 0x0000000085b00000|  0%| F|  |TAMS 0x0000000085a00000, 0x0000000085a00000| Untracked 
|  91|0x0000000085b00000, 0x0000000085b00000, 0x0000000085c00000|  0%| F|  |TAMS 0x0000000085b00000, 0x0000000085b00000| Untracked 
|  92|0x0000000085c00000, 0x0000000085c00000, 0x0000000085d00000|  0%| F|  |TAMS 0x0000000085c00000, 0x0000000085c00000| Untracked 
|  93|0x0000000085d00000, 0x0000000085d00000, 0x0000000085e00000|  0%| F|  |TAMS 0x0000000085d00000, 0x0000000085d00000| Untracked 
|  94|0x0000000085e00000, 0x0000000085e00000, 0x0000000085f00000|  0%| F|  |TAMS 0x0000000085e00000, 0x0000000085e00000| Untracked 
|  95|0x0000000085f00000, 0x0000000085f00000, 0x0000000086000000|  0%| F|  |TAMS 0x0000000085f00000, 0x0000000085f00000| Untracked 
|  96|0x0000000086000000, 0x0000000086000000, 0x0000000086100000|  0%| F|  |TAMS 0x0000000086000000, 0x0000000086000000| Untracked 
|  97|0x0000000086100000, 0x0000000086100000, 0x0000000086200000|  0%| F|  |TAMS 0x0000000086100000, 0x0000000086100000| Untracked 
|  98|0x0000000086200000, 0x0000000086200000, 0x0000000086300000|  0%| F|  |TAMS 0x0000000086200000, 0x0000000086200000| Untracked 
|  99|0x0000000086300000, 0x0000000086300000, 0x0000000086400000|  0%| F|  |TAMS 0x0000000086300000, 0x0000000086300000| Untracked 
| 100|0x0000000086400000, 0x0000000086437a50, 0x0000000086500000| 21%| S|CS|TAMS 0x0000000086400000, 0x0000000086400000| Complete 
| 101|0x0000000086500000, 0x0000000086500000, 0x0000000086600000|  0%| F|  |TAMS 0x0000000086500000, 0x0000000086500000| Untracked 
| 102|0x0000000086600000, 0x0000000086600000, 0x0000000086700000|  0%| F|  |TAMS 0x0000000086600000, 0x0000000086600000| Untracked 
| 103|0x0000000086700000, 0x0000000086700000, 0x0000000086800000|  0%| F|  |TAMS 0x0000000086700000, 0x0000000086700000| Untracked 
| 104|0x0000000086800000, 0x0000000086800000, 0x0000000086900000|  0%| F|  |TAMS 0x0000000086800000, 0x0000000086800000| Untracked 
| 105|0x0000000086900000, 0x0000000086900000, 0x0000000086a00000|  0%| F|  |TAMS 0x0000000086900000, 0x0000000086900000| Untracked 
| 106|0x0000000086a00000, 0x0000000086a00000, 0x0000000086b00000|  0%| F|  |TAMS 0x0000000086a00000, 0x0000000086a00000| Untracked 
| 107|0x0000000086b00000, 0x0000000086b00000, 0x0000000086c00000|  0%| F|  |TAMS 0x0000000086b00000, 0x0000000086b00000| Untracked 
| 108|0x0000000086c00000, 0x0000000086c00000, 0x0000000086d00000|  0%| F|  |TAMS 0x0000000086c00000, 0x0000000086c00000| Untracked 
| 109|0x0000000086d00000, 0x0000000086d00000, 0x0000000086e00000|  0%| F|  |TAMS 0x0000000086d00000, 0x0000000086d00000| Untracked 
| 110|0x0000000086e00000, 0x0000000086e00000, 0x0000000086f00000|  0%| F|  |TAMS 0x0000000086e00000, 0x0000000086e00000| Untracked 
| 111|0x0000000086f00000, 0x0000000086f00000, 0x0000000087000000|  0%| F|  |TAMS 0x0000000086f00000, 0x0000000086f00000| Untracked 
| 112|0x0000000087000000, 0x0000000087000000, 0x0000000087100000|  0%| F|  |TAMS 0x0000000087000000, 0x0000000087000000| Untracked 
| 113|0x0000000087100000, 0x0000000087100000, 0x0000000087200000|  0%| F|  |TAMS 0x0000000087100000, 0x0000000087100000| Untracked 
| 114|0x0000000087200000, 0x0000000087200000, 0x0000000087300000|  0%| F|  |TAMS 0x0000000087200000, 0x0000000087200000| Untracked 
| 115|0x0000000087300000, 0x0000000087300000, 0x0000000087400000|  0%| F|  |TAMS 0x0000000087300000, 0x0000000087300000| Untracked 
| 116|0x0000000087400000, 0x0000000087400000, 0x0000000087500000|  0%| F|  |TAMS 0x0000000087400000, 0x0000000087400000| Untracked 
| 117|0x0000000087500000, 0x0000000087500000, 0x0000000087600000|  0%| F|  |TAMS 0x0000000087500000, 0x0000000087500000| Untracked 
| 118|0x0000000087600000, 0x0000000087600000, 0x0000000087700000|  0%| F|  |TAMS 0x0000000087600000, 0x0000000087600000| Untracked 
| 119|0x0000000087700000, 0x0000000087700000, 0x0000000087800000|  0%| F|  |TAMS 0x0000000087700000, 0x0000000087700000| Untracked 
| 120|0x0000000087800000, 0x0000000087800000, 0x0000000087900000|  0%| F|  |TAMS 0x0000000087800000, 0x0000000087800000| Untracked 
| 121|0x0000000087900000, 0x0000000087900000, 0x0000000087a00000|  0%| F|  |TAMS 0x0000000087900000, 0x0000000087900000| Untracked 
| 122|0x0000000087a00000, 0x0000000087a00000, 0x0000000087b00000|  0%| F|  |TAMS 0x0000000087a00000, 0x0000000087a00000| Untracked 
| 123|0x0000000087b00000, 0x0000000087b00000, 0x0000000087c00000|  0%| F|  |TAMS 0x0000000087b00000, 0x0000000087b00000| Untracked 
| 124|0x0000000087c00000, 0x0000000087c00000, 0x0000000087d00000|  0%| F|  |TAMS 0x0000000087c00000, 0x0000000087c00000| Untracked 
| 125|0x0000000087d00000, 0x0000000087d00000, 0x0000000087e00000|  0%| F|  |TAMS 0x0000000087d00000, 0x0000000087d00000| Untracked 
| 126|0x0000000087e00000, 0x0000000087e00000, 0x0000000087f00000|  0%| F|  |TAMS 0x0000000087e00000, 0x0000000087e00000| Untracked 
| 127|0x0000000087f00000, 0x0000000087f00000, 0x0000000088000000|  0%| F|  |TAMS 0x0000000087f00000, 0x0000000087f00000| Untracked 

Card table byte_map: [0x00000261f9670000,0x00000261f9a70000] _byte_map_base: 0x00000261f9270000

Marking Bits (Prev, Next): (CMBitMap*) 0x00000261f5e0c880, (CMBitMap*) 0x00000261f5e0c840
 Prev Bits: [0x00000261fbe70000, 0x00000261fde70000)
 Next Bits: [0x00000261f9e70000, 0x00000261fbe70000)

Polling page: 0x00000261f3cf0000

Metaspace:

Usage:
  Non-class:     44.31 MB used.
      Class:      6.77 MB used.
       Both:     51.08 MB used.

Virtual space:
  Non-class space:       48.00 MB reserved,      44.50 MB ( 93%) committed,  6 nodes.
      Class space:        1.00 GB reserved,       6.94 MB ( <1%) committed,  1 nodes.
             Both:        1.05 GB reserved,      51.44 MB (  5%) committed. 

Chunk freelists:
   Non-Class:  3.25 MB
       Class:  1.06 MB
        Both:  4.31 MB

MaxMetaspaceSize: unlimited
CompressedClassSpaceSize: 1.00 GB
Initial GC threshold: 21.00 MB
Current GC threshold: 85.44 MB
CDS: off
MetaspaceReclaimPolicy: balanced
 - commit_granule_bytes: 65536.
 - commit_granule_words: 8192.
 - virtual_space_node_default_size: 1048576.
 - enlarge_chunks_in_place: 1.
 - new_chunks_are_fully_committed: 0.
 - uncommit_free_chunks: 1.
 - use_allocation_guard: 0.
 - handle_deallocations: 1.


Internal statistics:

num_allocs_failed_limit: 3.
num_arena_births: 436.
num_arena_deaths: 2.
num_vsnodes_births: 7.
num_vsnodes_deaths: 0.
num_space_committed: 823.
num_space_uncommitted: 0.
num_chunks_returned_to_freelist: 7.
num_chunks_taken_from_freelist: 2063.
num_chunk_merges: 0.
num_chunk_splits: 1370.
num_chunks_enlarged: 970.
num_purges: 2.
num_inconsistent_stats: 0.

CodeHeap 'non-profiled nmethods': size=120000Kb used=1704Kb max_used=2528Kb free=118296Kb
 bounds [0x0000026187ad0000, 0x0000026187d50000, 0x000002618f000000]
CodeHeap 'profiled nmethods': size=120000Kb used=9023Kb max_used=11108Kb free=110976Kb
 bounds [0x0000026180000000, 0x0000026180ae0000, 0x0000026187530000]
CodeHeap 'non-nmethods': size=5760Kb used=2311Kb max_used=2380Kb free=3448Kb
 bounds [0x0000026187530000, 0x00000261877a0000, 0x0000026187ad0000]
 total_blobs=5379 nmethods=4551 adapters=739
 compilation: enabled
              stopped_count=0, restarted_count=0
 full_count=0

Compilation events (20 events):
Event: 12.671 Thread 0x0000026190031d80 5355 %     3       org.objectweb.asm.ClassReader::readMethod @ 714 (1066 bytes)
Event: 12.679 Thread 0x0000026190031d80 nmethod 5355% 0x000002618003c490 code [0x000002618003cc00, 0x0000026180041808]
Event: 12.679 Thread 0x0000026190031d80 5356       3       org.objectweb.asm.ClassReader::getFirstAttributeOffset (136 bytes)
Event: 12.680 Thread 0x0000026190031d80 nmethod 5356 0x000002618005d890 code [0x000002618005dac0, 0x000002618005e0e8]
Event: 12.701 Thread 0x0000026190031d80 5358       2       org.objectweb.asm.MethodVisitor::visitInvokeDynamicInsn (39 bytes)
Event: 12.701 Thread 0x0000026190031d80 nmethod 5358 0x000002618004e790 code [0x000002618004e940, 0x000002618004eb38]
Event: 12.701 Thread 0x0000026190031d80 5359       2       org.objectweb.asm.SymbolTable::addConstantMethodHandle (197 bytes)
Event: 12.702 Thread 0x0000026190031d80 nmethod 5359 0x0000026180000010 code [0x0000026180000260, 0x0000026180000878]
Event: 12.702 Thread 0x0000026190031d80 5360       2       org.objectweb.asm.SymbolTable::hash (23 bytes)
Event: 12.702 Thread 0x0000026190031d80 nmethod 5360 0x00000261800a6290 code [0x00000261800a6440, 0x00000261800a65e8]
Event: 12.703 Thread 0x0000026190031d80 5361       2       org.gradle.internal.classpath.InstrumentingTransformer::access$300 (4 bytes)
Event: 12.703 Thread 0x0000026190031d80 nmethod 5361 0x000002618002f210 code [0x000002618002f3a0, 0x000002618002f498]
Event: 12.704 Thread 0x0000026190031d80 5362       2       org.objectweb.asm.SymbolTable::addConstantLongOrDouble (109 bytes)
Event: 12.705 Thread 0x0000026190031d80 nmethod 5362 0x000002618002cf10 code [0x000002618002d100, 0x000002618002d488]
Event: 12.705 Thread 0x0000026190031d80 5363       2       org.objectweb.asm.SymbolTable::hash (14 bytes)
Event: 12.705 Thread 0x0000026190031d80 nmethod 5363 0x0000026180270890 code [0x0000026180270a20, 0x0000026180270b18]
Event: 12.712 Thread 0x0000026190031d80 5364       2       org.objectweb.asm.SymbolTable::addConstantUtf8 (98 bytes)
Event: 12.712 Thread 0x0000026190031d80 nmethod 5364 0x00000261805ef790 code [0x00000261805ef980, 0x00000261805efd38]
Event: 12.714 Thread 0x0000026190031d80 5366       3       org.objectweb.asm.SymbolTable::addConstantUtf8 (98 bytes)
Event: 12.715 Thread 0x0000026190031d80 nmethod 5366 0x00000261802af810 code [0x00000261802afa40, 0x00000261802b0018]

GC Heap History (20 events):
Event: 8.728 GC heap after
{Heap after GC invocations=10 (full 0):
 garbage-first heap   total 83968K, used 49342K [0x0000000080000000, 0x0000000100000000)
  region size 1024K, 2 young (2048K), 2 survivors (2048K)
 Metaspace       used 30624K, committed 31040K, reserved 1081344K
  class space    used 4159K, committed 4352K, reserved 1048576K
}
Event: 9.095 GC heap before
{Heap before GC invocations=10 (full 0):
 garbage-first heap   total 83968K, used 64702K [0x0000000080000000, 0x0000000100000000)
  region size 1024K, 17 young (17408K), 2 survivors (2048K)
 Metaspace       used 32593K, committed 33024K, reserved 1081344K
  class space    used 4494K, committed 4672K, reserved 1048576K
}
Event: 9.098 GC heap after
{Heap after GC invocations=11 (full 0):
 garbage-first heap   total 83968K, used 49840K [0x0000000080000000, 0x0000000100000000)
  region size 1024K, 1 young (1024K), 1 survivors (1024K)
 Metaspace       used 32593K, committed 33024K, reserved 1081344K
  class space    used 4494K, committed 4672K, reserved 1048576K
}
Event: 9.522 GC heap before
{Heap before GC invocations=12 (full 0):
 garbage-first heap   total 89088K, used 65200K [0x0000000080000000, 0x0000000100000000)
  region size 1024K, 16 young (16384K), 1 survivors (1024K)
 Metaspace       used 34846K, committed 35200K, reserved 1081344K
  class space    used 4846K, committed 4992K, reserved 1048576K
}
Event: 9.526 GC heap after
{Heap after GC invocations=13 (full 0):
 garbage-first heap   total 89088K, used 50456K [0x0000000080000000, 0x0000000100000000)
  region size 1024K, 2 young (2048K), 2 survivors (2048K)
 Metaspace       used 34846K, committed 35200K, reserved 1081344K
  class space    used 4846K, committed 4992K, reserved 1048576K
}
Event: 9.974 GC heap before
{Heap before GC invocations=13 (full 0):
 garbage-first heap   total 89088K, used 68888K [0x0000000080000000, 0x0000000100000000)
  region size 1024K, 21 young (21504K), 2 survivors (2048K)
 Metaspace       used 38227K, committed 38528K, reserved 1089536K
  class space    used 5169K, committed 5312K, reserved 1048576K
}
Event: 9.979 GC heap after
{Heap after GC invocations=14 (full 0):
 garbage-first heap   total 89088K, used 52672K [0x0000000080000000, 0x0000000100000000)
  region size 1024K, 3 young (3072K), 3 survivors (3072K)
 Metaspace       used 38227K, committed 38528K, reserved 1089536K
  class space    used 5169K, committed 5312K, reserved 1048576K
}
Event: 10.249 GC heap before
{Heap before GC invocations=15 (full 0):
 garbage-first heap   total 104448K, used 72128K [0x0000000080000000, 0x0000000100000000)
  region size 1024K, 22 young (22528K), 3 survivors (3072K)
 Metaspace       used 40361K, committed 40768K, reserved 1089536K
  class space    used 5571K, committed 5760K, reserved 1048576K
}
Event: 10.256 GC heap after
{Heap after GC invocations=16 (full 0):
 garbage-first heap   total 125952K, used 53811K [0x0000000080000000, 0x0000000100000000)
  region size 1024K, 2 young (2048K), 2 survivors (2048K)
 Metaspace       used 40361K, committed 40768K, reserved 1089536K
  class space    used 5571K, committed 5760K, reserved 1048576K
}
Event: 11.378 GC heap before
{Heap before GC invocations=16 (full 0):
 garbage-first heap   total 125952K, used 100915K [0x0000000080000000, 0x0000000100000000)
  region size 1024K, 45 young (46080K), 2 survivors (2048K)
 Metaspace       used 48958K, committed 49408K, reserved 1097728K
  class space    used 6480K, committed 6656K, reserved 1048576K
}
Event: 11.387 GC heap after
{Heap after GC invocations=17 (full 0):
 garbage-first heap   total 125952K, used 58838K [0x0000000080000000, 0x0000000100000000)
  region size 1024K, 6 young (6144K), 6 survivors (6144K)
 Metaspace       used 48958K, committed 49408K, reserved 1097728K
  class space    used 6480K, committed 6656K, reserved 1048576K
}
Event: 12.187 GC heap before
{Heap before GC invocations=17 (full 0):
 garbage-first heap   total 125952K, used 102870K [0x0000000080000000, 0x0000000100000000)
  region size 1024K, 46 young (47104K), 6 survivors (6144K)
 Metaspace       used 51959K, committed 52416K, reserved 1097728K
  class space    used 6926K, committed 7104K, reserved 1048576K
}
Event: 12.199 GC heap after
{Heap after GC invocations=18 (full 0):
 garbage-first heap   total 125952K, used 64518K [0x0000000080000000, 0x0000000100000000)
  region size 1024K, 3 young (3072K), 3 survivors (3072K)
 Metaspace       used 51959K, committed 52416K, reserved 1097728K
  class space    used 6926K, committed 7104K, reserved 1048576K
}
Event: 12.210 GC heap before
{Heap before GC invocations=18 (full 0):
 garbage-first heap   total 125952K, used 66566K [0x0000000080000000, 0x0000000100000000)
  region size 1024K, 6 young (6144K), 3 survivors (3072K)
 Metaspace       used 52000K, committed 52416K, reserved 1097728K
  class space    used 6929K, committed 7104K, reserved 1048576K
}
Event: 12.215 GC heap after
{Heap after GC invocations=19 (full 0):
 garbage-first heap   total 125952K, used 60960K [0x0000000080000000, 0x0000000100000000)
  region size 1024K, 2 young (2048K), 2 survivors (2048K)
 Metaspace       used 52000K, committed 52416K, reserved 1097728K
  class space    used 6929K, committed 7104K, reserved 1048576K
}
Event: 12.569 GC heap before
{Heap before GC invocations=20 (full 0):
 garbage-first heap   total 125952K, used 103968K [0x0000000080000000, 0x0000000100000000)
  region size 1024K, 42 young (43008K), 2 survivors (2048K)
 Metaspace       used 52267K, committed 52672K, reserved 1097728K
  class space    used 6929K, committed 7104K, reserved 1048576K
}
Event: 12.574 GC heap after
{Heap after GC invocations=21 (full 0):
 garbage-first heap   total 125952K, used 64655K [0x0000000080000000, 0x0000000100000000)
  region size 1024K, 3 young (3072K), 3 survivors (3072K)
 Metaspace       used 52267K, committed 52672K, reserved 1097728K
  class space    used 6929K, committed 7104K, reserved 1048576K
}
Event: 12.586 GC heap before
{Heap before GC invocations=21 (full 0):
 garbage-first heap   total 125952K, used 66703K [0x0000000080000000, 0x0000000100000000)
  region size 1024K, 6 young (6144K), 3 survivors (3072K)
 Metaspace       used 52273K, committed 52672K, reserved 1097728K
  class space    used 6929K, committed 7104K, reserved 1048576K
}
Event: 12.590 GC heap after
{Heap after GC invocations=22 (full 0):
 garbage-first heap   total 125952K, used 64864K [0x0000000080000000, 0x0000000100000000)
  region size 1024K, 1 young (1024K), 1 survivors (1024K)
 Metaspace       used 52273K, committed 52672K, reserved 1097728K
  class space    used 6929K, committed 7104K, reserved 1048576K
}
Event: 12.719 GC heap before
{Heap before GC invocations=22 (full 0):
 garbage-first heap   total 125952K, used 85344K [0x0000000080000000, 0x0000000100000000)
  region size 1024K, 22 young (22528K), 1 survivors (1024K)
 Metaspace       used 52305K, committed 52672K, reserved 1097728K
  class space    used 6930K, committed 7104K, reserved 1048576K
}

Dll operation events (2 events):
Event: 0.016 Loaded shared library C:\Program Files\Android\Android Studio1\jbr\bin\java.dll
Event: 0.558 Loaded shared library C:\Program Files\Android\Android Studio1\jbr\bin\verify.dll

Deoptimization events (20 events):
Event: 12.490 Thread 0x00000261917b7f60 DEOPT PACKING pc=0x0000026180a4c677 sp=0x0000007ceb7fe360
Event: 12.490 Thread 0x00000261917b7f60 DEOPT UNPACKING pc=0x0000026187587143 sp=0x0000007ceb7fd860 mode 0
Event: 12.490 Thread 0x00000261917b7a90 DEOPT PACKING pc=0x0000026180a3d57e sp=0x0000007ceb6fe2a0
Event: 12.490 Thread 0x00000261917b7a90 DEOPT UNPACKING pc=0x0000026187587143 sp=0x0000007ceb6fd710 mode 0
Event: 12.491 Thread 0x00000261917b7f60 DEOPT PACKING pc=0x0000026180a3d57e sp=0x0000007ceb7fdf60
Event: 12.491 Thread 0x00000261917b7f60 DEOPT UNPACKING pc=0x0000026187587143 sp=0x0000007ceb7fd3d0 mode 0
Event: 12.493 Thread 0x00000261917b7a90 DEOPT PACKING pc=0x0000026180a3d57e sp=0x0000007ceb6fe3f0
Event: 12.493 Thread 0x00000261917b7a90 DEOPT UNPACKING pc=0x0000026187587143 sp=0x0000007ceb6fd860 mode 0
Event: 12.493 Thread 0x00000261917b7a90 DEOPT PACKING pc=0x0000026180a3d57e sp=0x0000007ceb6fddf0
Event: 12.493 Thread 0x00000261917b7a90 DEOPT UNPACKING pc=0x0000026187587143 sp=0x0000007ceb6fd260 mode 0
Event: 12.503 Thread 0x00000261917b7f60 DEOPT PACKING pc=0x0000026180a5d246 sp=0x0000007ceb7fd930
Event: 12.503 Thread 0x00000261917b7f60 DEOPT UNPACKING pc=0x0000026187587143 sp=0x0000007ceb7fce48 mode 0
Event: 12.643 Thread 0x00000261917b7a90 DEOPT PACKING pc=0x0000026180a58c83 sp=0x0000007ceb6fe7b0
Event: 12.643 Thread 0x00000261917b7a90 DEOPT UNPACKING pc=0x0000026187587143 sp=0x0000007ceb6fdd60 mode 0
Event: 12.674 Thread 0x00000261917b7a90 DEOPT PACKING pc=0x0000026180a5334f sp=0x0000007ceb6fe600
Event: 12.674 Thread 0x00000261917b7a90 DEOPT UNPACKING pc=0x0000026187587143 sp=0x0000007ceb6fdac0 mode 0
Event: 12.711 Thread 0x00000261917b7a90 Uncommon trap: trap_request=0xffffff45 fr.pc=0x0000026187d46690 relative=0x0000000000001470
Event: 12.711 Thread 0x00000261917b7a90 Uncommon trap: reason=unstable_if action=reinterpret pc=0x0000026187d46690 method=org.objectweb.asm.SymbolTable.addConstantUtf8(Ljava/lang/String;)I @ 40 c2
Event: 12.711 Thread 0x00000261917b7a90 DEOPT PACKING pc=0x0000026187d46690 sp=0x0000007ceb6fdd80
Event: 12.711 Thread 0x00000261917b7a90 DEOPT UNPACKING pc=0x00000261875869a3 sp=0x0000007ceb6fdd80 mode 2

Classes unloaded (2 events):
Event: 12.293 Thread 0x000002618f3ee950 Unloading class 0x0000000100604000 '_BuildScript_$_run_closure1'
Event: 12.293 Thread 0x000002618f3ee950 Unloading class 0x00000001005fc000 '_BuildScript_'

Classes redefined (0 events):
No events

Internal exceptions (20 events):
Event: 11.755 Thread 0x0000026191372d50 Exception <a 'java/lang/ClassNotFoundException'{0x000000008690e658}: sync_studio_tooling1913_es5r8buurfw2tfphbsv1ihzjnBeanInfo> (0x000000008690e658) 
thrown [s\src\hotspot\share\classfile\systemDictionary.cpp, line 256]
Event: 11.755 Thread 0x0000026191372d50 Exception <a 'java/lang/ClassNotFoundException'{0x0000000086914fa0}: sync_studio_tooling1913_es5r8buurfw2tfphbsv1ihzjnCustomizer> (0x0000000086914fa0) 
thrown [s\src\hotspot\share\classfile\systemDictionary.cpp, line 256]
Event: 11.763 Thread 0x0000026191372d50 Exception <a 'java/lang/ClassNotFoundException'{0x0000000086961630}: org/gradle/internal/metaobject/ConfigureDelegateBeanInfo> (0x0000000086961630) 
thrown [s\src\hotspot\share\classfile\systemDictionary.cpp, line 256]
Event: 11.764 Thread 0x0000026191372d50 Exception <a 'java/lang/ClassNotFoundException'{0x0000000086971830}: org/gradle/internal/metaobject/ConfigureDelegateCustomizer> (0x0000000086971830) 
thrown [s\src\hotspot\share\classfile\systemDictionary.cpp, line 256]
Event: 11.775 Thread 0x0000026191372d50 Exception <a 'java/lang/ClassNotFoundException'{0x00000000869c22d8}: org/gradle/api/internal/initialization/DefaultScriptHandlerBeanInfo> (0x00000000869c22d8) 
thrown [s\src\hotspot\share\classfile\systemDictionary.cpp, line 256]
Event: 11.776 Thread 0x0000026191372d50 Exception <a 'java/lang/ClassNotFoundException'{0x00000000869d2818}: org/gradle/api/internal/initialization/DefaultScriptHandlerCustomizer> (0x00000000869d2818) 
thrown [s\src\hotspot\share\classfile\systemDictionary.cpp, line 256]
Event: 11.907 Thread 0x0000026191372d50 Implicit null exception at 0x0000026187cf296c to 0x0000026187cf2a10
Event: 11.914 Thread 0x0000026191372d50 Exception <a 'java/lang/ClassNotFoundException'{0x00000000862585e0}: org/gradle/api/internal/artifacts/dsl/dependencies/DefaultDependencyHandler_DecoratedBeanInfo> (0x00000000862585e0) 
thrown [s\src\hotspot\share\classfile\systemDictionary.cpp, line 256]
Event: 11.914 Thread 0x0000026191372d50 Exception <a 'java/lang/ClassNotFoundException'{0x000000008626e108}: org/gradle/api/internal/artifacts/dsl/dependencies/DefaultDependencyHandlerBeanInfo> (0x000000008626e108) 
thrown [s\src\hotspot\share\classfile\systemDictionary.cpp, line 256]
Event: 11.915 Thread 0x0000026191372d50 Exception <a 'java/lang/ClassNotFoundException'{0x00000000862833d8}: org/gradle/api/internal/artifacts/dsl/dependencies/DefaultDependencyHandlerCustomizer> (0x00000000862833d8) 
thrown [s\src\hotspot\share\classfile\systemDictionary.cpp, line 256]
Event: 11.919 Thread 0x0000026191372d50 Exception <a 'java/lang/ClassNotFoundException'{0x00000000862c21f0}: org/gradle/api/internal/artifacts/dsl/dependencies/DefaultDependencyHandler_DecoratedCustomizer> (0x00000000862c21f0) 
thrown [s\src\hotspot\share\classfile\systemDictionary.cpp, line 256]
Event: 11.922 Thread 0x0000026191372d50 Exception <a 'java/lang/ClassNotFoundException'{0x0000000086103330}: sync_studio_tooling1913_es5r8buurfw2tfphbsv1ihzjn$_run_closure1BeanInfo> (0x0000000086103330) 
thrown [s\src\hotspot\share\classfile\systemDictionary.cpp, line 256]
Event: 11.923 Thread 0x0000026191372d50 Exception <a 'java/lang/ClassNotFoundException'{0x000000008610a348}: sync_studio_tooling1913_es5r8buurfw2tfphbsv1ihzjn$_run_closure1Customizer> (0x000000008610a348) 
thrown [s\src\hotspot\share\classfile\systemDictionary.cpp, line 256]
Event: 11.963 Thread 0x0000026191372d50 Exception <a 'java/lang/NoSuchMethodError'{0x0000000085f1f240}: 'java.lang.Object java.lang.invoke.DirectMethodHandle$Holder.newInvokeSpecial(java.lang.Object, int, java.lang.Object)'> (0x0000000085f1f240) 
thrown [s\src\hotspot\share\interpreter\linkResolver.cpp, line 771]
Event: 12.158 Thread 0x0000026191372d50 Exception <a 'java/lang/NoSuchMethodError'{0x00000000856c5fe8}: 'int java.lang.invoke.DirectMethodHandle$Holder.invokeStatic(java.lang.Object)'> (0x00000000856c5fe8) 
thrown [s\src\hotspot\share\interpreter\linkResolver.cpp, line 771]
Event: 12.159 Thread 0x0000026191372d50 Exception <a 'java/lang/NoSuchMethodError'{0x00000000856ca3d8}: 'int java.lang.invoke.DirectMethodHandle$Holder.invokeStaticInit(java.lang.Object)'> (0x00000000856ca3d8) 
thrown [s\src\hotspot\share\interpreter\linkResolver.cpp, line 771]
Event: 12.173 Thread 0x00000261917b7f60 Exception <a 'sun/nio/fs/WindowsException'{0x0000000085540328}> (0x0000000085540328) 
thrown [s\src\hotspot\share\prims\jni.cpp, line 517]
Event: 12.207 Thread 0x00000261917b7a90 Exception <a 'sun/nio/fs/WindowsException'{0x00000000878147d8}> (0x00000000878147d8) 
thrown [s\src\hotspot\share\prims\jni.cpp, line 517]
Event: 12.619 Thread 0x00000261917b7f60 Exception <a 'sun/nio/fs/WindowsException'{0x00000000874f5678}> (0x00000000874f5678) 
thrown [s\src\hotspot\share\prims\jni.cpp, line 517]
Event: 12.620 Thread 0x00000261917b7f60 Exception <a 'sun/nio/fs/WindowsException'{0x00000000874f5800}> (0x00000000874f5800) 
thrown [s\src\hotspot\share\prims\jni.cpp, line 517]

VM Operations (20 events):
Event: 11.893 Executing VM operation: HandshakeAllThreads done
Event: 12.187 Executing VM operation: G1CollectForAllocation
Event: 12.199 Executing VM operation: G1CollectForAllocation done
Event: 12.210 Executing VM operation: G1TryInitiateConcMark
Event: 12.216 Executing VM operation: G1TryInitiateConcMark done
Event: 12.292 Executing VM operation: G1Concurrent
Event: 12.304 Executing VM operation: G1Concurrent done
Event: 12.335 Executing VM operation: G1Concurrent
Event: 12.336 Executing VM operation: G1Concurrent done
Event: 12.569 Executing VM operation: G1CollectForAllocation
Event: 12.574 Executing VM operation: G1CollectForAllocation done
Event: 12.586 Executing VM operation: G1CollectForAllocation
Event: 12.590 Executing VM operation: G1CollectForAllocation done
Event: 12.635 Executing VM operation: HandshakeAllThreads
Event: 12.635 Executing VM operation: HandshakeAllThreads done
Event: 12.649 Executing VM operation: HandshakeAllThreads
Event: 12.649 Executing VM operation: HandshakeAllThreads done
Event: 12.680 Executing VM operation: HandshakeAllThreads
Event: 12.680 Executing VM operation: HandshakeAllThreads done
Event: 12.719 Executing VM operation: G1TryInitiateConcMark

Events (20 events):
Event: 12.687 Thread 0x0000026190032ea0 flushing nmethod 0x00000261808d9e90
Event: 12.688 Thread 0x0000026190032ea0 flushing nmethod 0x00000261808dbb10
Event: 12.688 Thread 0x0000026190032ea0 flushing nmethod 0x0000026180935c10
Event: 12.688 Thread 0x0000026190032ea0 flushing nmethod 0x00000261809a4a10
Event: 12.688 Thread 0x0000026190032ea0 flushing nmethod 0x00000261809a5590
Event: 12.688 Thread 0x0000026190032ea0 flushing nmethod 0x00000261809ac510
Event: 12.688 Thread 0x0000026190032ea0 flushing nmethod 0x00000261809ad010
Event: 12.688 Thread 0x0000026190032ea0 flushing nmethod 0x00000261809aff90
Event: 12.688 Thread 0x0000026190032ea0 flushing nmethod 0x00000261809b1e10
Event: 12.688 Thread 0x0000026190032ea0 flushing nmethod 0x00000261809b3590
Event: 12.688 Thread 0x0000026190032ea0 flushing nmethod 0x00000261809c2490
Event: 12.688 Thread 0x0000026190032ea0 flushing nmethod 0x00000261809cd390
Event: 12.688 Thread 0x0000026190032ea0 flushing nmethod 0x00000261809ec690
Event: 12.689 Thread 0x0000026190032ea0 flushing nmethod 0x0000026180a13510
Event: 12.689 Thread 0x0000026190032ea0 flushing nmethod 0x0000026180a3ae90
Event: 12.689 Thread 0x0000026190032ea0 flushing nmethod 0x0000026180a3d210
Event: 12.689 Thread 0x0000026190032ea0 flushing nmethod 0x0000026180a42f10
Event: 12.689 Thread 0x0000026190032ea0 flushing nmethod 0x0000026180a4ba90
Event: 12.689 Thread 0x0000026190032ea0 flushing nmethod 0x0000026180a5c910
Event: 12.689 Thread 0x0000026190032ea0 flushing nmethod 0x0000026180a90410


Dynamic libraries:
0x00007ff6558a0000 - 0x00007ff6558aa000 	C:\Program Files\Android\Android Studio1\jbr\bin\java.exe
0x00007ff996400000 - 0x00007ff9965f0000 	C:\Windows\SYSTEM32\ntdll.dll
0x00007ff994c60000 - 0x00007ff994d12000 	C:\Windows\System32\KERNEL32.DLL
0x00007ff993470000 - 0x00007ff993715000 	C:\Windows\System32\KERNELBASE.dll
0x00007ff993370000 - 0x00007ff99346a000 	C:\Windows\System32\ucrtbase.dll
0x00007ff9672f0000 - 0x00007ff96730b000 	C:\Program Files\Android\Android Studio1\jbr\bin\VCRUNTIME140.dll
0x00007ff96e400000 - 0x00007ff96e417000 	C:\Program Files\Android\Android Studio1\jbr\bin\jli.dll
0x00007ff995b00000 - 0x00007ff995c94000 	C:\Windows\System32\USER32.dll
0x00007ff994320000 - 0x00007ff994341000 	C:\Windows\System32\win32u.dll
0x00007ff975230000 - 0x00007ff9754b4000 	C:\Windows\WinSxS\amd64_microsoft.windows.common-controls_6595b64144ccf1df_6.0.18362.1440_none_9e7dbfb9e45e8e67\COMCTL32.dll
0x00007ff9946d0000 - 0x00007ff9946f6000 	C:\Windows\System32\GDI32.dll
0x00007ff995eb0000 - 0x00007ff995f4e000 	C:\Windows\System32\msvcrt.dll
0x00007ff9940a0000 - 0x00007ff994238000 	C:\Windows\System32\gdi32full.dll
0x00007ff994d20000 - 0x00007ff995056000 	C:\Windows\System32\combase.dll
0x00007ff993720000 - 0x00007ff9937be000 	C:\Windows\System32\msvcp_win.dll
0x00007ff994990000 - 0x00007ff994aaf000 	C:\Windows\System32\RPCRT4.dll
0x00007ff994290000 - 0x00007ff994311000 	C:\Windows\System32\bcryptPrimitives.dll
0x00007ff995ad0000 - 0x00007ff995afe000 	C:\Windows\System32\IMM32.DLL
0x00007ff975f70000 - 0x00007ff975f7c000 	C:\Program Files\Android\Android Studio1\jbr\bin\vcruntime140_1.dll
0x00007ff931390000 - 0x00007ff93141d000 	C:\Program Files\Android\Android Studio1\jbr\bin\msvcp140.dll
0x00007ff9676a0000 - 0x00007ff96830e000 	C:\Program Files\Android\Android Studio1\jbr\bin\server\jvm.dll
0x00007ff994620000 - 0x00007ff9946c3000 	C:\Windows\System32\ADVAPI32.dll
0x00007ff995120000 - 0x00007ff9951b7000 	C:\Windows\System32\sechost.dll
0x00007ff96a760000 - 0x00007ff96a769000 	C:\Windows\SYSTEM32\WSOCK32.dll
0x00007ff988360000 - 0x00007ff98836a000 	C:\Windows\SYSTEM32\VERSION.dll
0x00007ff98bd30000 - 0x00007ff98bd54000 	C:\Windows\SYSTEM32\WINMM.dll
0x00000261f5500000 - 0x00000261f556f000 	C:\Windows\System32\ws2_32.DLL
0x00007ff98bd00000 - 0x00007ff98bd2d000 	C:\Windows\SYSTEM32\winmmbase.dll
0x00007ff994240000 - 0x00007ff99428a000 	C:\Windows\System32\cfgmgr32.dll
0x00007ff9932c0000 - 0x00007ff9932d1000 	C:\Windows\System32\kernel.appcore.dll
0x00007ff98d3a0000 - 0x00007ff98d3aa000 	C:\Program Files\Android\Android Studio1\jbr\bin\jimage.dll
0x00007ff991a00000 - 0x00007ff991bf4000 	C:\Windows\SYSTEM32\DBGHELP.DLL
0x00007ff975f40000 - 0x00007ff975f6a000 	C:\Windows\SYSTEM32\dbgcore.DLL
0x00007ff96e4f0000 - 0x00007ff96e515000 	C:\Program Files\Android\Android Studio1\jbr\bin\java.dll
0x00007ff98ae70000 - 0x00007ff98ae88000 	C:\Program Files\Android\Android Studio1\jbr\bin\zip.dll
0x00007ff9951c0000 - 0x00007ff9958a8000 	C:\Windows\System32\SHELL32.dll
0x00007ff995060000 - 0x00007ff995107000 	C:\Windows\System32\shcore.dll
0x00007ff9937c0000 - 0x00007ff993f3b000 	C:\Windows\System32\windows.storage.dll
0x00007ff993350000 - 0x00007ff99336e000 	C:\Windows\System32\profapi.dll
0x00007ff9932e0000 - 0x00007ff99332a000 	C:\Windows\System32\powrprof.dll
0x00007ff9932b0000 - 0x00007ff9932c0000 	C:\Windows\System32\UMPDC.dll
0x00007ff9945b0000 - 0x00007ff994602000 	C:\Windows\System32\shlwapi.dll
0x00007ff994460000 - 0x00007ff994477000 	C:\Windows\System32\cryptsp.dll
0x00007ff98abd0000 - 0x00007ff98abe9000 	C:\Program Files\Android\Android Studio1\jbr\bin\net.dll
0x00007ff9913e0000 - 0x00007ff9914da000 	C:\Windows\SYSTEM32\WINHTTP.dll
0x00007ff992af0000 - 0x00007ff992b57000 	C:\Windows\system32\mswsock.dll
0x00007ff988d90000 - 0x00007ff988da6000 	C:\Program Files\Android\Android Studio1\jbr\bin\nio.dll
0x00007ff98ac80000 - 0x00007ff98ac90000 	C:\Program Files\Android\Android Studio1\jbr\bin\verify.dll
0x00007ff97e5f0000 - 0x00007ff97e617000 	C:\Users\HP\.gradle\native\68d5fa5c4cc2d200863cafc0d521ce42e7d3e7ee720ec0a83991735586a16f82\windows-amd64\native-platform.dll
0x00007ff973900000 - 0x00007ff973a44000 	C:\Users\HP\.gradle\native\e376f236ea51e6404a007f0833ffe2c6e607c4080706a723a18a27aeea778392\windows-amd64\native-platform-file-events.dll
0x00007ff98a610000 - 0x00007ff98a619000 	C:\Program Files\Android\Android Studio1\jbr\bin\management.dll
0x00007ff989d10000 - 0x00007ff989d1b000 	C:\Program Files\Android\Android Studio1\jbr\bin\management_ext.dll
0x00007ff994610000 - 0x00007ff994618000 	C:\Windows\System32\PSAPI.DLL
0x00007ff992670000 - 0x00007ff9926a3000 	C:\Windows\system32\rsaenh.dll
0x00007ff994480000 - 0x00007ff9944a6000 	C:\Windows\System32\bcrypt.dll
0x00007ff9931d0000 - 0x00007ff9931f5000 	C:\Windows\SYSTEM32\USERENV.dll
0x00007ff992cc0000 - 0x00007ff992ccc000 	C:\Windows\SYSTEM32\CRYPTBASE.dll
0x00007ff992800000 - 0x00007ff99283a000 	C:\Windows\SYSTEM32\IPHLPAPI.DLL
0x00007ff994700000 - 0x00007ff994708000 	C:\Windows\System32\NSI.dll
0x00007ff983150000 - 0x00007ff983166000 	C:\Windows\SYSTEM32\dhcpcsvc6.DLL
0x00007ff986540000 - 0x00007ff98655c000 	C:\Windows\SYSTEM32\dhcpcsvc.DLL
0x00007ff992840000 - 0x00007ff99290b000 	C:\Windows\SYSTEM32\DNSAPI.dll
0x00007ff97b430000 - 0x00007ff97b437000 	C:\Windows\system32\wshunix.dll

dbghelp: loaded successfully - version: 4.0.5 - missing functions: none
symbol engine: initialized successfully - sym options: 0x614 - pdb path: .;C:\Program Files\Android\Android Studio1\jbr\bin;C:\Windows\SYSTEM32;C:\Windows\WinSxS\amd64_microsoft.windows.common-controls_6595b64144ccf1df_6.0.18362.1440_none_9e7dbfb9e45e8e67;C:\Program Files\Android\Android Studio1\jbr\bin\server;C:\Users\HP\.gradle\native\68d5fa5c4cc2d200863cafc0d521ce42e7d3e7ee720ec0a83991735586a16f82\windows-amd64;C:\Users\HP\.gradle\native\e376f236ea51e6404a007f0833ffe2c6e607c4080706a723a18a27aeea778392\windows-amd64

VM Arguments:
jvm_args: --add-opens=java.base/java.util=ALL-UNNAMED --add-opens=java.base/java.lang=ALL-UNNAMED --add-opens=java.base/java.lang.invoke=ALL-UNNAMED --add-opens=java.prefs/java.util.prefs=ALL-UNNAMED --add-opens=java.base/java.nio.charset=ALL-UNNAMED --add-opens=java.base/java.net=ALL-UNNAMED --add-opens=java.base/java.util.concurrent.atomic=ALL-UNNAMED -Xmx2048m -Dfile.encoding=UTF-8 -Duser.country=US -Duser.language=en -Duser.variant 
java_command: org.gradle.launcher.daemon.bootstrap.GradleDaemon 8.0
java_class_path (initial): C:\Users\HP\.gradle\wrapper\dists\gradle-8.0-bin\ca5e32bp14vu59qr306oxotwh\gradle-8.0\lib\gradle-launcher-8.0.jar
Launcher Type: SUN_STANDARD

[Global flags]
     intx CICompilerCount                          = 3                                         {product} {ergonomic}
     uint ConcGCThreads                            = 1                                         {product} {ergonomic}
     uint G1ConcRefinementThreads                  = 4                                         {product} {ergonomic}
   size_t G1HeapRegionSize                         = 1048576                                   {product} {ergonomic}
    uintx GCDrainStackTargetSize                   = 64                                        {product} {ergonomic}
   size_t InitialHeapSize                          = 134217728                                 {product} {ergonomic}
   size_t MarkStackSize                            = 4194304                                   {product} {ergonomic}
   size_t MaxHeapSize                              = 2147483648                                {product} {command line}
   size_t MaxNewSize                               = 1287651328                                {product} {ergonomic}
   size_t MinHeapDeltaBytes                        = 1048576                                   {product} {ergonomic}
   size_t MinHeapSize                              = 8388608                                   {product} {ergonomic}
    uintx NonNMethodCodeHeapSize                   = 5832780                                {pd product} {ergonomic}
    uintx NonProfiledCodeHeapSize                  = 122912730                              {pd product} {ergonomic}
    uintx ProfiledCodeHeapSize                     = 122912730                              {pd product} {ergonomic}
    uintx ReservedCodeCacheSize                    = 251658240                              {pd product} {ergonomic}
     bool SegmentedCodeCache                       = true                                      {product} {ergonomic}
   size_t SoftMaxHeapSize                          = 2147483648                             {manageable} {ergonomic}
     bool UseCompressedClassPointers               = true                           {product lp64_product} {ergonomic}
     bool UseCompressedOops                        = true                           {product lp64_product} {ergonomic}
     bool UseG1GC                                  = true                                      {product} {ergonomic}
     bool UseLargePagesIndividualAllocation        = false                                  {pd product} {ergonomic}

Logging:
Log output configuration:
 #0: stdout all=warning uptime,level,tags
 #1: stderr all=off uptime,level,tags

Environment Variables:
PATH=C:\Program Files\Common Files\Oracle\Java\javapath;C:\Windows\system32;C:\Windows;C:\Windows\System32\Wbem;C:\Windows\System32\WindowsPowerShell\v1.0\;C:\Windows\System32\OpenSSH\;C:\Program Files\Microsoft SQL Server\130\Tools\Binn\;C:\Program Files\dotnet\;C:\Program Files (x86)\Intel\Intel(R) Management Engine Components\DAL;C:\Program Files\Intel\Intel(R) Management Engine Components\DAL;C:\Program Files\Git\cmd;C:\Program Files (x86)\dotnet\;C:\Program Files\MySQL\MySQL Shell 8.0\bin\;C:\Users\HP\AppData\Local\Programs\Python\Python39\Scripts\;C:\Users\HP\AppData\Local\Programs\Python\Python39\;C:\Users\HP\AppData\Local\Microsoft\WindowsApps;C:\Users\HP\AppData\Local\GitHubDesktop\bin;C:\Users\HP\AppData\Local\Programs\Microsoft VS Code\bin;C:\Users\HP\Downloads\mingw-w64-v8.0.2;C:\Program Files\mingw-w64\x86_64-8.1.0-posix-seh-rt_v6-rev0\mingw64\bin;C:\Program Files\jdk-18.0.1.1\bin;C:\ProgramData\HP\GitHubDesktop\bin
USERNAME=HP
OS=Windows_NT
PROCESSOR_IDENTIFIER=Intel64 Family 6 Model 78 Stepping 3, GenuineIntel
TMP=C:\Users\HP\AppData\Local\Temp
TEMP=C:\Users\HP\AppData\Local\Temp


JNI global refs:
JNI global refs: 24, weak refs: 26

JNI global refs memory usage: 843, weak refs: 841


---------------  S Y S T E M  ---------------

OS:
 Windows 10 , 64 bit Build 18362 (10.0.18362.1350)
OS uptime: 2 days 12:39 hours

CPU: total 4 (initial active 4) (2 cores per cpu, 2 threads per core) family 6 model 78 stepping 3 microcode 0xd6, cx8, cmov, fxsr, ht, mmx, 3dnowpref, sse, sse2, sse3, ssse3, sse4.1, sse4.2, popcnt, lzcnt, tsc, tscinvbit, avx, avx2, aes, erms, clmul, bmi1, bmi2, rtm, adx, fma, vzeroupper, clflush, clflushopt

Memory: 4k page, system-wide physical 8072M (339M free)
TotalPageFile size 16822M (AvailPageFile size 9M)
current process WorkingSet (physical memory assigned to process): 276M, peak: 278M
current process commit charge ("private bytes"): 309M, peak: 413M

vm_info: OpenJDK 64-Bit Server VM (17.0.6+0-b2043.56-10027231) for windows-amd64 JRE (17.0.6+0-b2043.56-10027231), built on Apr 28 2023 00:43:19 by "androidbuild" with MS VC++ 16.10 / 16.11 (VS2019)

END.
